<?xml version="1.0" encoding="UTF-8"?>
<!-- Generated by org.testng.reporters.JUnitXMLReporter -->
<testsuite ignored="3" hostname="DESKTOP-O0RSMQB" failures="0" tests="3" name="Test" time="0.065" errors="0" timestamp="16 Jul 2019 18:54:50 GMT">
  <testcase classname="testNgtest.A1" name="test_01" time="0.02"/>
  <testcase classname="testNgtest.A1" name="test_03" time="0.002"/>
  <testcase classname="testNgtest.A1" name="test_05" time="0.004"/>
  <testcase classname="testNgtest.A2" name="test_06" time="0.0">
    <ignored/>
  </testcase> <!-- test_06 -->
  <testcase classname="testNgtest.A1" name="test_04" time="0.0">
    <ignored/>
  </testcase> <!-- test_04 -->
  <testcase classname="testNgtest.A1" name="test_02" time="0.0">
    <ignored/>
  </testcase> <!-- test_02 -->
</testsuite> <!-- Test -->
